  [1m[35m (0.9ms)[0m  [1m[34mSELECT sqlite_version(*)[0m
  [1m[35m (2.6ms)[0m  [1m[35mCREATE TABLE "schema_migrations" ("version" varchar NOT NULL PRIMARY KEY)[0m
  [1m[35m (1.8ms)[0m  [1m[35mCREATE TABLE "ar_internal_metadata" ("key" varchar NOT NULL PRIMARY KEY, "value" varchar, "created_at" datetime(6) NOT NULL, "updated_at" datetime(6) NOT NULL)[0m
  [1m[35m (0.1ms)[0m  [1m[34mSELECT "schema_migrations"."version" FROM "schema_migrations" ORDER BY "schema_migrations"."version" ASC[0m
Migrating to CreateMovies (20111119180638)
  [1m[35m (1.4ms)[0m  [1m[34mSELECT sqlite_version(*)[0m
  [1m[35m (0.1ms)[0m  [1m[34mSELECT "schema_migrations"."version" FROM "schema_migrations" ORDER BY "schema_migrations"."version" ASC[0m
Migrating to CreateMovies (20111119180638)
  [1m[35m (0.8ms)[0m  [1m[34mSELECT sqlite_version(*)[0m
  [1m[35m (0.1ms)[0m  [1m[34mSELECT "schema_migrations"."version" FROM "schema_migrations" ORDER BY "schema_migrations"."version" ASC[0m
Migrating to CreateMovies (20111119180638)
  [1m[35m (0.9ms)[0m  [1m[34mSELECT sqlite_version(*)[0m
  [1m[35m (0.1ms)[0m  [1m[34mSELECT "schema_migrations"."version" FROM "schema_migrations" ORDER BY "schema_migrations"."version" ASC[0m
Migrating to CreateMovies (20111119180638)
  [1m[36mTRANSACTION (0.0ms)[0m  [1m[36mbegin transaction[0m
  [1m[35m (0.3ms)[0m  [1m[35mCREATE TABLE "movies" ("id" integer PRIMARY KEY AUTOINCREMENT NOT NULL, "title" varchar, "rating" varchar, "description" text, "release_date" datetime, "created_at" datetime NOT NULL, "updated_at" datetime NOT NULL)[0m
  [1m[36mActiveRecord::SchemaMigration Create (0.2ms)[0m  [1m[32mINSERT INTO "schema_migrations" ("version") VALUES (?)[0m  [["version", "20111119180638"]]
  [1m[36mTRANSACTION (1.7ms)[0m  [1m[36mcommit transaction[0m
  [1m[36mActiveRecord::InternalMetadata Load (0.2ms)[0m  [1m[34mSELECT "ar_internal_metadata".* FROM "ar_internal_metadata" WHERE "ar_internal_metadata"."key" = ? LIMIT ?[0m  [["key", "environment"], ["LIMIT", 1]]
  [1m[36mTRANSACTION (0.0ms)[0m  [1m[36mbegin transaction[0m
  [1m[36mActiveRecord::InternalMetadata Create (0.2ms)[0m  [1m[32mINSERT INTO "ar_internal_metadata" ("key", "value", "created_at", "updated_at") VALUES (?, ?, ?, ?)[0m  [["key", "environment"], ["value", "development"], ["created_at", "2023-12-13 13:19:48.097087"], ["updated_at", "2023-12-13 13:19:48.097087"]]
  [1m[36mTRANSACTION (1.3ms)[0m  [1m[36mcommit transaction[0m
  [1m[35m (0.1ms)[0m  [1m[34mSELECT sqlite_version(*)[0m
  [1m[35m (0.1ms)[0m  [1m[34mSELECT "schema_migrations"."version" FROM "schema_migrations" ORDER BY "schema_migrations"."version" ASC[0m
  [1m[35m (0.9ms)[0m  [1m[34mSELECT sqlite_version(*)[0m
  [1m[35m (0.1ms)[0m  [1m[34mSELECT "schema_migrations"."version" FROM "schema_migrations" ORDER BY "schema_migrations"."version" ASC[0m
  [1m[35m (0.1ms)[0m  [1m[34mSELECT sqlite_version(*)[0m
  [1m[36mTRANSACTION (0.0ms)[0m  [1m[36mbegin transaction[0m
  [1m[36mMovie Create (0.3ms)[0m  [1m[32mINSERT INTO "movies" ("title", "rating", "release_date", "created_at", "updated_at") VALUES (?, ?, ?, ?, ?)[0m  [["title", "Aladdin"], ["rating", "G"], ["release_date", "1992-11-25 00:00:00"], ["created_at", "2023-12-13 13:20:02.617973"], ["updated_at", "2023-12-13 13:20:02.617973"]]
  [1m[36mTRANSACTION (1.3ms)[0m  [1m[36mcommit transaction[0m
  [1m[36mTRANSACTION (0.0ms)[0m  [1m[36mbegin transaction[0m
  [1m[36mMovie Create (0.2ms)[0m  [1m[32mINSERT INTO "movies" ("title", "rating", "release_date", "created_at", "updated_at") VALUES (?, ?, ?, ?, ?)[0m  [["title", "The Terminator"], ["rating", "R"], ["release_date", "1984-10-26 00:00:00"], ["created_at", "2023-12-13 13:20:02.622679"], ["updated_at", "2023-12-13 13:20:02.622679"]]
  [1m[36mTRANSACTION (1.3ms)[0m  [1m[36mcommit transaction[0m
  [1m[36mTRANSACTION (0.0ms)[0m  [1m[36mbegin transaction[0m
  [1m[36mMovie Create (0.7ms)[0m  [1m[32mINSERT INTO "movies" ("title", "rating", "release_date", "created_at", "updated_at") VALUES (?, ?, ?, ?, ?)[0m  [["title", "When Harry Met Sally"], ["rating", "R"], ["release_date", "1989-07-21 00:00:00"], ["created_at", "2023-12-13 13:20:02.625109"], ["updated_at", "2023-12-13 13:20:02.625109"]]
  [1m[36mTRANSACTION (1.2ms)[0m  [1m[36mcommit transaction[0m
  [1m[36mTRANSACTION (0.0ms)[0m  [1m[36mbegin transaction[0m
  [1m[36mMovie Create (0.2ms)[0m  [1m[32mINSERT INTO "movies" ("title", "rating", "release_date", "created_at", "updated_at") VALUES (?, ?, ?, ?, ?)[0m  [["title", "The Help"], ["rating", "PG-13"], ["release_date", "2011-08-10 00:00:00"], ["created_at", "2023-12-13 13:20:02.627988"], ["updated_at", "2023-12-13 13:20:02.627988"]]
  [1m[36mTRANSACTION (1.3ms)[0m  [1m[36mcommit transaction[0m
  [1m[36mTRANSACTION (0.0ms)[0m  [1m[36mbegin transaction[0m
  [1m[36mMovie Create (0.2ms)[0m  [1m[32mINSERT INTO "movies" ("title", "rating", "release_date", "created_at", "updated_at") VALUES (?, ?, ?, ?, ?)[0m  [["title", "Chocolat"], ["rating", "PG-13"], ["release_date", "2001-01-05 00:00:00"], ["created_at", "2023-12-13 13:20:02.630504"], ["updated_at", "2023-12-13 13:20:02.630504"]]
  [1m[36mTRANSACTION (1.2ms)[0m  [1m[36mcommit transaction[0m
  [1m[36mTRANSACTION (0.0ms)[0m  [1m[36mbegin transaction[0m
  [1m[36mMovie Create (0.6ms)[0m  [1m[32mINSERT INTO "movies" ("title", "rating", "release_date", "created_at", "updated_at") VALUES (?, ?, ?, ?, ?)[0m  [["title", "Amelie"], ["rating", "R"], ["release_date", "2001-04-25 00:00:00"], ["created_at", "2023-12-13 13:20:02.633551"], ["updated_at", "2023-12-13 13:20:02.633551"]]
  [1m[36mTRANSACTION (1.2ms)[0m  [1m[36mcommit transaction[0m
  [1m[36mTRANSACTION (0.0ms)[0m  [1m[36mbegin transaction[0m
  [1m[36mMovie Create (0.2ms)[0m  [1m[32mINSERT INTO "movies" ("title", "rating", "release_date", "created_at", "updated_at") VALUES (?, ?, ?, ?, ?)[0m  [["title", "2001: A Space Odyssey"], ["rating", "G"], ["release_date", "1968-04-06 00:00:00"], ["created_at", "2023-12-13 13:20:02.636357"], ["updated_at", "2023-12-13 13:20:02.636357"]]
  [1m[36mTRANSACTION (1.3ms)[0m  [1m[36mcommit transaction[0m
  [1m[36mTRANSACTION (0.0ms)[0m  [1m[36mbegin transaction[0m
  [1m[36mMovie Create (0.2ms)[0m  [1m[32mINSERT INTO "movies" ("title", "rating", "release_date", "created_at", "updated_at") VALUES (?, ?, ?, ?, ?)[0m  [["title", "The Incredibles"], ["rating", "PG"], ["release_date", "2004-11-05 00:00:00"], ["created_at", "2023-12-13 13:20:02.639628"], ["updated_at", "2023-12-13 13:20:02.639628"]]
  [1m[36mTRANSACTION (1.2ms)[0m  [1m[36mcommit transaction[0m
  [1m[36mTRANSACTION (0.0ms)[0m  [1m[36mbegin transaction[0m
  [1m[36mMovie Create (0.2ms)[0m  [1m[32mINSERT INTO "movies" ("title", "rating", "release_date", "created_at", "updated_at") VALUES (?, ?, ?, ?, ?)[0m  [["title", "Raiders of the Lost Ark"], ["rating", "PG"], ["release_date", "1981-06-12 00:00:00"], ["created_at", "2023-12-13 13:20:02.642440"], ["updated_at", "2023-12-13 13:20:02.642440"]]
  [1m[36mTRANSACTION (1.2ms)[0m  [1m[36mcommit transaction[0m
  [1m[36mTRANSACTION (0.0ms)[0m  [1m[36mbegin transaction[0m
  [1m[36mMovie Create (0.2ms)[0m  [1m[32mINSERT INTO "movies" ("title", "rating", "release_date", "created_at", "updated_at") VALUES (?, ?, ?, ?, ?)[0m  [["title", "Chicken Run"], ["rating", "G"], ["release_date", "2000-06-21 00:00:00"], ["created_at", "2023-12-13 13:20:02.644780"], ["updated_at", "2023-12-13 13:20:02.644780"]]
  [1m[36mTRANSACTION (1.2ms)[0m  [1m[36mcommit transaction[0m
Started GET "/" for 127.0.0.1 at 2023-12-13 08:20:20 -0500
Started GET "/movies" for 127.0.0.1 at 2023-12-13 08:20:20 -0500
Processing by MoviesController#index as HTML
Redirected to http://localhost:3000/movies?ratings%5BG%5D=1&ratings%5BPG%5D=1&ratings%5BPG-13%5D=1&ratings%5BR%5D=1&sort_by=id
Filter chain halted as :force_index_redirect rendered or redirected
Completed 302 Found in 66ms (Allocations: 18304)


Started GET "/movies?ratings%5BG%5D=1&ratings%5BPG%5D=1&ratings%5BPG-13%5D=1&ratings%5BR%5D=1&sort_by=id" for 127.0.0.1 at 2023-12-13 08:20:20 -0500
Processing by MoviesController#index as HTML
  Parameters: {"ratings"=>{"G"=>"1", "PG"=>"1", "PG-13"=>"1", "R"=>"1"}, "sort_by"=>"id"}
  [1m[35m (1.3ms)[0m  [1m[34mSELECT sqlite_version(*)[0m
  Rendering layout layouts/application.html.erb
  Rendering movies/index.html.erb within layouts/application
  [1m[36mMovie Load (0.6ms)[0m  [1m[34mSELECT "movies".* FROM "movies" WHERE "movies"."rating" IN (?, ?, ?, ?) ORDER BY id[0m  [["rating", "G"], ["rating", "PG"], ["rating", "PG-13"], ["rating", "R"]]
  Rendered movies/index.html.erb within layouts/application (Duration: 13.8ms | Allocations: 6640)
  Rendered layouts/_flash.erb (Duration: 0.5ms | Allocations: 168)
  Rendered layout layouts/application.html.erb (Duration: 302.3ms | Allocations: 307228)
Completed 200 OK in 324ms (Views: 304.3ms | ActiveRecord: 3.3ms | Allocations: 314703)


Started GET "/assets/application.self-021ca269f52f282e3a94c3868170f31d36c5e40ed7da2ff9b2a8c3fd3165d8f8.css?body=1" for 127.0.0.1 at 2023-12-13 08:20:20 -0500
Started GET "/assets/jquery_ujs.self-a6375ab2b275439c922ac52b02a475d288976458aa11a6e8103c925ef2961f66.js?body=1" for 127.0.0.1 at 2023-12-13 08:20:20 -0500
Started GET "/specs" for 127.0.0.1 at 2023-12-13 08:24:10 -0500
  
ActionController::RoutingError (No route matches [GET] "/specs"):
  
Started GET "/search_tmbd" for 127.0.0.1 at 2023-12-13 08:24:17 -0500
  
ActionController::RoutingError (No route matches [GET] "/search_tmbd"):
  
Started GET "/movies?ratings%5BG%5D=1&ratings%5BPG%5D=1&ratings%5BPG-13%5D=1&ratings%5BR%5D=1&sort_by=id" for 127.0.0.1 at 2023-12-13 08:35:08 -0500
Processing by MoviesController#index as HTML
  Parameters: {"ratings"=>{"G"=>"1", "PG"=>"1", "PG-13"=>"1", "R"=>"1"}, "sort_by"=>"id"}
  [1m[35m (1.1ms)[0m  [1m[34mSELECT sqlite_version(*)[0m
  Rendering layout layouts/application.html.erb
  Rendering movies/index.html.erb within layouts/application
  [1m[36mMovie Load (0.2ms)[0m  [1m[34mSELECT "movies".* FROM "movies" WHERE "movies"."rating" IN (?, ?, ?, ?) ORDER BY id[0m  [["rating", "G"], ["rating", "PG"], ["rating", "PG-13"], ["rating", "R"]]
  Rendered movies/index.html.erb within layouts/application (Duration: 8.0ms | Allocations: 6660)
  Rendered layouts/_flash.erb (Duration: 0.5ms | Allocations: 171)
  Rendered layout layouts/application.html.erb (Duration: 120.3ms | Allocations: 298255)
Completed 200 OK in 179ms (Views: 122.6ms | ActiveRecord: 2.5ms | Allocations: 325053)


Started GET "/specs" for 127.0.0.1 at 2023-12-13 08:35:14 -0500
  
ActionController::RoutingError (No route matches [GET] "/specs"):
  
Started GET "/search_tmbd" for 127.0.0.1 at 2023-12-13 08:35:20 -0500
  
AbstractController::ActionNotFound (The action 'search_tmbd' could not be found for MoviesController):
  
actionpack (6.1.7.6) lib/abstract_controller/base.rb:160:in `process'
actionview (6.1.7.6) lib/action_view/rendering.rb:39:in `process'
actionpack (6.1.7.6) lib/action_controller/metal.rb:190:in `dispatch'
actionpack (6.1.7.6) lib/action_controller/metal.rb:254:in `dispatch'
actionpack (6.1.7.6) lib/action_dispatch/routing/route_set.rb:50:in `dispatch'
actionpack (6.1.7.6) lib/action_dispatch/routing/route_set.rb:33:in `serve'
actionpack (6.1.7.6) lib/action_dispatch/journey/router.rb:50:in `block in serve'
actionpack (6.1.7.6) lib/action_dispatch/journey/router.rb:32:in `each'
actionpack (6.1.7.6) lib/action_dispatch/journey/router.rb:32:in `serve'
actionpack (6.1.7.6) lib/action_dispatch/routing/route_set.rb:842:in `call'
rack (2.2.8) lib/rack/tempfile_reaper.rb:15:in `call'
rack (2.2.8) lib/rack/etag.rb:27:in `call'
rack (2.2.8) lib/rack/conditional_get.rb:27:in `call'
rack (2.2.8) lib/rack/head.rb:12:in `call'
actionpack (6.1.7.6) lib/action_dispatch/http/permissions_policy.rb:22:in `call'
actionpack (6.1.7.6) lib/action_dispatch/http/content_security_policy.rb:19:in `call'
rack (2.2.8) lib/rack/session/abstract/id.rb:266:in `context'
rack (2.2.8) lib/rack/session/abstract/id.rb:260:in `call'
actionpack (6.1.7.6) lib/action_dispatch/middleware/cookies.rb:697:in `call'
actionpack (6.1.7.6) lib/action_dispatch/middleware/callbacks.rb:27:in `block in call'
activesupport (6.1.7.6) lib/active_support/callbacks.rb:98:in `run_callbacks'
actionpack (6.1.7.6) lib/action_dispatch/middleware/callbacks.rb:26:in `call'
actionpack (6.1.7.6) lib/action_dispatch/middleware/executor.rb:14:in `call'
actionpack (6.1.7.6) lib/action_dispatch/middleware/actionable_exceptions.rb:18:in `call'
actionpack (6.1.7.6) lib/action_dispatch/middleware/debug_exceptions.rb:29:in `call'
web-console (4.2.1) lib/web_console/middleware.rb:132:in `call_app'
web-console (4.2.1) lib/web_console/middleware.rb:28:in `block in call'
web-console (4.2.1) lib/web_console/middleware.rb:17:in `catch'
web-console (4.2.1) lib/web_console/middleware.rb:17:in `call'
actionpack (6.1.7.6) lib/action_dispatch/middleware/show_exceptions.rb:33:in `call'
railties (6.1.7.6) lib/rails/rack/logger.rb:37:in `call_app'
railties (6.1.7.6) lib/rails/rack/logger.rb:26:in `block in call'
activesupport (6.1.7.6) lib/active_support/tagged_logging.rb:99:in `block in tagged'
activesupport (6.1.7.6) lib/active_support/tagged_logging.rb:37:in `tagged'
activesupport (6.1.7.6) lib/active_support/tagged_logging.rb:99:in `tagged'
railties (6.1.7.6) lib/rails/rack/logger.rb:26:in `call'
actionpack (6.1.7.6) lib/action_dispatch/middleware/remote_ip.rb:81:in `call'
actionpack (6.1.7.6) lib/action_dispatch/middleware/request_id.rb:26:in `call'
rack (2.2.8) lib/rack/method_override.rb:24:in `call'
rack (2.2.8) lib/rack/runtime.rb:22:in `call'
activesupport (6.1.7.6) lib/active_support/cache/strategy/local_cache_middleware.rb:29:in `call'
actionpack (6.1.7.6) lib/action_dispatch/middleware/executor.rb:14:in `call'
actionpack (6.1.7.6) lib/action_dispatch/middleware/static.rb:24:in `call'
rack (2.2.8) lib/rack/sendfile.rb:110:in `call'
actionpack (6.1.7.6) lib/action_dispatch/middleware/host_authorization.rb:148:in `call'
railties (6.1.7.6) lib/rails/engine.rb:539:in `call'
railties (6.1.7.6) lib/rails/railtie.rb:207:in `public_send'
railties (6.1.7.6) lib/rails/railtie.rb:207:in `method_missing'
rack (2.2.8) lib/rack/handler/webrick.rb:95:in `service'
/home/aushalten12/.rbenv/versions/2.6.6/lib/ruby/2.6.0/webrick/httpserver.rb:140:in `service'
/home/aushalten12/.rbenv/versions/2.6.6/lib/ruby/2.6.0/webrick/httpserver.rb:96:in `run'
/home/aushalten12/.rbenv/versions/2.6.6/lib/ruby/2.6.0/webrick/server.rb:307:in `block in start_thread'
Started GET "/search_tmbd" for 127.0.0.1 at 2023-12-13 08:35:42 -0500
Processing by MoviesController#search_tmdb as HTML
  Rendering layout layouts/application.html.erb
  Rendering movies/search_tmdb.html.erb within layouts/application
  Rendered movies/search_tmdb.html.erb within layouts/application (Duration: 10.4ms | Allocations: 3556)
  Rendered layout layouts/application.html.erb (Duration: 10.6ms | Allocations: 3636)
Completed 500 Internal Server Error in 12ms (Allocations: 4208)


  
ActionView::Template::Error (undefined local variable or method `search_tmdb' for #<ActionView::Base:0x007ff3320e8dc8>
Did you mean?  search_tmbd_url):
     5: <h2>Search in TMDb</h2>
     6: 
     7: <div class="search-container">
     8: <%= form_tag search_tmdb , id: 'tmdb_form' do %>
     9:     <label for="searchMovieName">Movie Name</label>
    10:     <%= text_field_tag 'title', nil, class: "form-control", id: "movie_title_field", placeholder: "Manhunter", id: "movie_title_field"%> 
    11:     <label for="searchReleaseDateField">Release Year</label>
  
app/views/movies/search_tmdb.html.erb:8
Started GET "/search_tmbd" for 127.0.0.1 at 2023-12-13 08:35:56 -0500
Processing by MoviesController#search_tmdb as HTML
  Rendering layout layouts/application.html.erb
  Rendering movies/search_tmdb.html.erb within layouts/application
  Rendered movies/search_tmdb.html.erb within layouts/application (Duration: 4.2ms | Allocations: 1197)
  Rendered layout layouts/application.html.erb (Duration: 4.5ms | Allocations: 1278)
Completed 500 Internal Server Error in 14ms (Allocations: 2287)


  
ActionView::SyntaxErrorInTemplate (Encountered a syntax error while rendering template: check <script src="https://cdn.jsdelivr.net/npm/bootstrap@5.0.2/dist/js/bootstrap.bundle.min.js" integrity="sha384-MrcW6ZMFYlzcLA8Nl+NtUVF0sA7MsXsP1UyJoMp4YLEuNSfAP+JcXn/tWtIaxVXM" crossorigin="anonymous"></script>
<link href="https://cdn.jsdelivr.net/npm/bootstrap@5.0.2/dist/css/bootstrap.min.css" rel="stylesheet" integrity="sha384-EVSTQN3/azprG1Anm3QDgpJLIm9Nao0Yz1ztcQTwFspd3yD65VohhpuuCOmLASjC" crossorigin="anonymous">


<h2>Search in TMDb</h2>

<div class="search-container">
<%= form_tag  , id: 'tmdb_form' do %>
    <label for="searchMovieName">Movie Name</label>
    <%= text_field_tag 'title', nil, class: "form-control", id: "movie_title_field", placeholder: "Manhunter", id: "movie_title_field"%> 
    <label for="searchReleaseDateField">Release Year</label>
    <%= text_field_tag 'release_year', nil, class: "form-control", id: "movie_year_field", placeholder: "1986", id: "movie_year_field"%>
  
  <div class="form-check">
    <%= radio_button_tag 'language', 'en', false, class: "form-check-input" %>
    <label class="form-check-label" for="language_en">English Only</label>
  </div>

  <div class="form-check">
    <%= radio_button_tag 'language', 'all', true, class: "form-check-input" %>
    <label class="form-check-label" for="language_all">All Languages</label>
  </div>
  <%= submit_tag 'Search', id: 'tmdb_submit', class: 'btn btn-warning col-2' %>
  <%= link_to 'Back to index', movies_path, class: 'btn btn-primary col-2' %>
<% end %>
</div>
):
1:    <script src="https://cdn.jsdelivr.net/npm/bootstrap@5.0.2/dist/js/bootstrap.bundle.min.js" integrity="sha384-MrcW6ZMFYlzcLA8Nl+NtUVF0sA7MsXsP1UyJoMp4YLEuNSfAP+JcXn/tWtIaxVXM" crossorigin="anonymous"></script>
2:    <link href="https://cdn.jsdelivr.net/npm/bootstrap@5.0.2/dist/css/bootstrap.min.css" rel="stylesheet" integrity="sha384-EVSTQN3/azprG1Anm3QDgpJLIm9Nao0Yz1ztcQTwFspd3yD65VohhpuuCOmLASjC" crossorigin="anonymous">
3:    
4:    
5:    <h2>Search in TMDb</h2>
6:    
7:    <div class="search-container">
8:    <%= form_tag  , id: 'tmdb_form' do %>
9:        <label for="searchMovieName">Movie Name</label>
10:        <%= text_field_tag 'title', nil, class: "form-control", id: "movie_title_field", placeholder: "Manhunter", id: "movie_title_field"%> 
11:        <label for="searchReleaseDateField">Release Year</label>
12:        <%= text_field_tag 'release_year', nil, class: "form-control", id: "movie_year_field", placeholder: "1986", id: "movie_year_field"%>
13:      
14:      <div class="form-check">
15:        <%= radio_button_tag 'language', 'en', false, class: "form-check-input" %>
16:        <label class="form-check-label" for="language_en">English Only</label>
17:      </div>
18:    
19:      <div class="form-check">
20:        <%= radio_button_tag 'language', 'all', true, class: "form-check-input" %>
21:        <label class="form-check-label" for="language_all">All Languages</label>
22:      </div>
23:      <%= submit_tag 'Search', id: 'tmdb_submit', class: 'btn btn-warning col-2' %>
24:      <%= link_to 'Back to index', movies_path, class: 'btn btn-primary col-2' %>
25:    <% end %>
26:    </div>
  
app/views/movies/search_tmdb.html.erb:8: syntax error, unexpected tLABEL
app/views/movies/search_tmdb.html.erb:8: syntax error, unexpected do, expecting end
app/views/movies/search_tmdb.html.erb:28: syntax error, unexpected end, expecting end-of-input
app/views/movies/search_tmdb.html.erb:8: syntax error, unexpected tLABEL
app/views/movies/search_tmdb.html.erb:8: syntax error, unexpected do, expecting end
app/views/movies/search_tmdb.html.erb:28: syntax error, unexpected end, expecting end-of-input
app/views/movies/search_tmdb.html.erb:8: syntax error, unexpected tLABEL
app/views/movies/search_tmdb.html.erb:8: syntax error, unexpected do, expecting end
app/views/movies/search_tmdb.html.erb:28: syntax error, unexpected end, expecting end-of-input
app/views/movies/search_tmdb.html.erb:8: syntax error, unexpected tLABEL
app/views/movies/search_tmdb.html.erb:8: syntax error, unexpected do, expecting end
app/views/movies/search_tmdb.html.erb:28: syntax error, unexpected end, expecting end-of-input
Started GET "/search_tmbd" for 127.0.0.1 at 2023-12-13 08:37:25 -0500
Processing by MoviesController#search_tmdb as HTML
  Rendering layout layouts/application.html.erb
  Rendering movies/search_tmdb.html.erb within layouts/application
  Rendered movies/search_tmdb.html.erb within layouts/application (Duration: 2.4ms | Allocations: 3098)
  Rendered layouts/_flash.erb (Duration: 0.4ms | Allocations: 161)
  Rendered layout layouts/application.html.erb (Duration: 10.0ms | Allocations: 9064)
Completed 200 OK in 13ms (Views: 11.9ms | Allocations: 10104)


Started GET "/" for 127.0.0.1 at 2023-12-13 08:38:33 -0500
Started GET "/movies" for 127.0.0.1 at 2023-12-13 08:38:33 -0500
Processing by MoviesController#index as HTML
Redirected to http://localhost:3000/movies?ratings%5BG%5D=1&ratings%5BPG%5D=1&ratings%5BPG-13%5D=1&ratings%5BR%5D=1&sort_by=id
Filter chain halted as :force_index_redirect rendered or redirected
Completed 302 Found in 2ms (Allocations: 1992)


Started GET "/movies?ratings%5BG%5D=1&ratings%5BPG%5D=1&ratings%5BPG-13%5D=1&ratings%5BR%5D=1&sort_by=id" for 127.0.0.1 at 2023-12-13 08:38:33 -0500
Processing by MoviesController#index as HTML
  Parameters: {"ratings"=>{"G"=>"1", "PG"=>"1", "PG-13"=>"1", "R"=>"1"}, "sort_by"=>"id"}
  [1m[35m (0.1ms)[0m  [1m[34mSELECT sqlite_version(*)[0m
  Rendering layout layouts/application.html.erb
  Rendering movies/index.html.erb within layouts/application
  [1m[36mMovie Load (0.3ms)[0m  [1m[34mSELECT "movies".* FROM "movies" WHERE "movies"."rating" IN (?, ?, ?, ?) ORDER BY id[0m  [["rating", "G"], ["rating", "PG"], ["rating", "PG-13"], ["rating", "R"]]
  Rendered movies/index.html.erb within layouts/application (Duration: 29.0ms | Allocations: 8757)
  Rendered layout layouts/application.html.erb (Duration: 29.3ms | Allocations: 8838)
Completed 500 Internal Server Error in 38ms (ActiveRecord: 1.5ms | Allocations: 12750)


  
ActionView::Template::Error (undefined local variable or method `search_tmdb_path' for #<ActionView::Base:0x0055f8c60f0248>
Did you mean?  search_tmbd_path):
    58:   </tbody>
    59: </table>
    60: <%= link_to 'Add new movie', new_movie_path, class: 'btn btn-primary' %>
    61: <%= link_to 'Search movie', search_tmdb_path, class: 'btn btn-primary' %>
  
app/views/movies/index.html.erb:61
Started GET "/" for 127.0.0.1 at 2023-12-13 08:38:34 -0500
Started GET "/movies" for 127.0.0.1 at 2023-12-13 08:38:34 -0500
Processing by MoviesController#index as HTML
Redirected to http://localhost:3000/movies?ratings%5BG%5D=1&ratings%5BPG%5D=1&ratings%5BPG-13%5D=1&ratings%5BR%5D=1&sort_by=id
Filter chain halted as :force_index_redirect rendered or redirected
Completed 302 Found in 2ms (ActiveRecord: 0.0ms | Allocations: 1969)


Started GET "/movies?ratings%5BG%5D=1&ratings%5BPG%5D=1&ratings%5BPG-13%5D=1&ratings%5BR%5D=1&sort_by=id" for 127.0.0.1 at 2023-12-13 08:38:34 -0500
Processing by MoviesController#index as HTML
  Parameters: {"ratings"=>{"G"=>"1", "PG"=>"1", "PG-13"=>"1", "R"=>"1"}, "sort_by"=>"id"}
  Rendering layout layouts/application.html.erb
  Rendering movies/index.html.erb within layouts/application
  [1m[36mMovie Load (0.4ms)[0m  [1m[34mSELECT "movies".* FROM "movies" WHERE "movies"."rating" IN (?, ?, ?, ?) ORDER BY id[0m  [["rating", "G"], ["rating", "PG"], ["rating", "PG-13"], ["rating", "R"]]
  Rendered movies/index.html.erb within layouts/application (Duration: 15.4ms | Allocations: 4876)
  Rendered layout layouts/application.html.erb (Duration: 15.7ms | Allocations: 4959)
Completed 500 Internal Server Error in 18ms (ActiveRecord: 0.4ms | Allocations: 6914)


  
ActionView::Template::Error (undefined local variable or method `search_tmdb_path' for #<ActionView::Base:0x007ff331d29818>
Did you mean?  search_tmbd_path):
    58:   </tbody>
    59: </table>
    60: <%= link_to 'Add new movie', new_movie_path, class: 'btn btn-primary' %>
    61: <%= link_to 'Search movie', search_tmdb_path, class: 'btn btn-primary' %>
  
app/views/movies/index.html.erb:61
Started GET "/movies?ratings%5BG%5D=1&ratings%5BPG%5D=1&ratings%5BPG-13%5D=1&ratings%5BR%5D=1&sort_by=id" for 127.0.0.1 at 2023-12-13 08:38:40 -0500
Processing by MoviesController#index as HTML
  Parameters: {"ratings"=>{"G"=>"1", "PG"=>"1", "PG-13"=>"1", "R"=>"1"}, "sort_by"=>"id"}
  Rendering layout layouts/application.html.erb
  Rendering movies/index.html.erb within layouts/application
  [1m[36mMovie Load (0.4ms)[0m  [1m[34mSELECT "movies".* FROM "movies" WHERE "movies"."rating" IN (?, ?, ?, ?) ORDER BY id[0m  [["rating", "G"], ["rating", "PG"], ["rating", "PG-13"], ["rating", "R"]]
  Rendered movies/index.html.erb within layouts/application (Duration: 23.9ms | Allocations: 5421)
  Rendered layout layouts/application.html.erb (Duration: 24.3ms | Allocations: 5501)
Completed 500 Internal Server Error in 32ms (ActiveRecord: 0.4ms | Allocations: 8208)


  
ActionView::Template::Error (undefined local variable or method `search_tmdb_movie_path' for #<ActionView::Base:0x007ff3322f2d30>
Did you mean?  search_tmbd_path):
    58:   </tbody>
    59: </table>
    60: <%= link_to 'Add new movie', new_movie_path, class: 'btn btn-primary' %>
    61: <%= link_to 'Search movie', search_tmdb_movie_path, class: 'btn btn-primary' %>
  
app/views/movies/index.html.erb:61
Started GET "/movies?ratings%5BG%5D=1&ratings%5BPG%5D=1&ratings%5BPG-13%5D=1&ratings%5BR%5D=1&sort_by=id" for 127.0.0.1 at 2023-12-13 08:38:51 -0500
Processing by MoviesController#index as HTML
  Parameters: {"ratings"=>{"G"=>"1", "PG"=>"1", "PG-13"=>"1", "R"=>"1"}, "sort_by"=>"id"}
  Rendering layout layouts/application.html.erb
  Rendering movies/index.html.erb within layouts/application
  [1m[36mMovie Load (0.3ms)[0m  [1m[34mSELECT "movies".* FROM "movies" WHERE "movies"."rating" IN (?, ?, ?, ?) ORDER BY id[0m  [["rating", "G"], ["rating", "PG"], ["rating", "PG-13"], ["rating", "R"]]
  Rendered movies/index.html.erb within layouts/application (Duration: 18.8ms | Allocations: 5372)
  Rendered layout layouts/application.html.erb (Duration: 19.1ms | Allocations: 5452)
Completed 500 Internal Server Error in 24ms (ActiveRecord: 0.3ms | Allocations: 8159)


  
ActionView::Template::Error (undefined local variable or method `search_tmdb_path' for #<ActionView::Base:0x007ff332836f30>
Did you mean?  search_tmbd_path):
    58:   </tbody>
    59: </table>
    60: <%= link_to 'Add new movie', new_movie_path, class: 'btn btn-primary' %>
    61: <%= link_to 'Search movie', search_tmdb_path, class: 'btn btn-primary' %>
  
app/views/movies/index.html.erb:61
Started GET "/movies?ratings%5BG%5D=1&ratings%5BPG%5D=1&ratings%5BPG-13%5D=1&ratings%5BR%5D=1&sort_by=id" for 127.0.0.1 at 2023-12-13 08:39:12 -0500
Processing by MoviesController#index as HTML
  Parameters: {"ratings"=>{"G"=>"1", "PG"=>"1", "PG-13"=>"1", "R"=>"1"}, "sort_by"=>"id"}
  Rendering layout layouts/application.html.erb
  Rendering movies/index.html.erb within layouts/application
  [1m[36mMovie Load (0.3ms)[0m  [1m[34mSELECT "movies".* FROM "movies" WHERE "movies"."rating" IN (?, ?, ?, ?) ORDER BY id[0m  [["rating", "G"], ["rating", "PG"], ["rating", "PG-13"], ["rating", "R"]]
  Rendered movies/index.html.erb within layouts/application (Duration: 6.6ms | Allocations: 2251)
  Rendered layouts/_flash.erb (Duration: 0.4ms | Allocations: 162)
  Rendered layout layouts/application.html.erb (Duration: 33.9ms | Allocations: 8218)
Completed 200 OK in 45ms (Views: 37.9ms | ActiveRecord: 0.3ms | Allocations: 10952)


Started GET "/search_tmdb" for 127.0.0.1 at 2023-12-13 08:39:16 -0500
  
ActionController::RoutingError (No route matches [GET] "/search_tmdb"):
  
Started GET "/specs" for 127.0.0.1 at 2023-12-13 08:39:26 -0500
  
ActionController::RoutingError (No route matches [GET] "/specs"):
  
Started GET "/search_tmbd" for 127.0.0.1 at 2023-12-13 08:39:27 -0500
Processing by MoviesController#search_tmdb as HTML
  Rendering layout layouts/application.html.erb
  Rendering movies/search_tmdb.html.erb within layouts/application
  Rendered movies/search_tmdb.html.erb within layouts/application (Duration: 3.2ms | Allocations: 3094)
  Rendered layouts/_flash.erb (Duration: 0.1ms | Allocations: 22)
  Rendered layout layouts/application.html.erb (Duration: 9.2ms | Allocations: 8557)
Completed 200 OK in 11ms (Views: 9.9ms | ActiveRecord: 0.0ms | Allocations: 8964)


Started GET "/search_tmbd" for 127.0.0.1 at 2023-12-13 08:39:45 -0500
  
ActionController::RoutingError (No route matches [GET] "/search_tmbd"):
  
Started GET "/search_tmdb" for 127.0.0.1 at 2023-12-13 08:39:49 -0500
Processing by MoviesController#search_tmdb as HTML
  Rendering layout layouts/application.html.erb
  Rendering movies/search_tmdb.html.erb within layouts/application
  Rendered movies/search_tmdb.html.erb within layouts/application (Duration: 3.8ms | Allocations: 2820)
  Rendered layouts/_flash.erb (Duration: 0.1ms | Allocations: 22)
  Rendered layout layouts/application.html.erb (Duration: 11.1ms | Allocations: 8286)
Completed 200 OK in 13ms (Views: 12.5ms | Allocations: 8748)


Started GET "/search_tmdb" for 127.0.0.1 at 2023-12-13 08:41:21 -0500
Processing by MoviesController#search_tmdb as HTML
  Rendering layout layouts/application.html.erb
  Rendering movies/search_tmdb.html.erb within layouts/application
  Rendered movies/search_tmdb.html.erb within layouts/application (Duration: 5.6ms | Allocations: 2810)
  Rendered layouts/_flash.erb (Duration: 0.1ms | Allocations: 22)
  Rendered layout layouts/application.html.erb (Duration: 14.6ms | Allocations: 8280)
Completed 200 OK in 15ms (Views: 15.0ms | Allocations: 8559)


